#
# A fatal error has been detected by the Java Runtime Environment:
#
#  SIGBUS (0xa) at pc=0x00000001099cceb9, pid=6037, tid=23299
#
# JRE version: Java(TM) SE Runtime Environment (8.0_25-b17) (build 1.8.0_25-b17)
# Java VM: Java HotSpot(TM) 64-Bit Server VM (25.25-b02 mixed mode bsd-amd64 compressed oops)
# Problematic frame:
# C  [libzip.dylib+0x2eb9]  newEntry+0x154
#
# Failed to write core dump. Core dumps have been disabled. To enable core dumping, try "ulimit -c unlimited" before starting Java again
#
# If you would like to submit a bug report, please visit:
#   http://bugreport.sun.com/bugreport/crash.jsp
# The crash happened outside the Java Virtual Machine in native code.
# See problematic frame for where to report the bug.
#

---------------  T H R E A D  ---------------

Current thread (0x00007fce83140800):  JavaThread "localhost-startStop-1" daemon [_thread_in_native, id=23299, stack(0x000070000175f000,0x000070000185f000)]

siginfo: si_signo: 10 (SIGBUS), si_code: 2 (BUS_ADRERR), si_addr: 0x000000012892dd14

Registers:
RAX=0x00007fce82e2c820, RBX=0x000000012892dd08, RCX=0x0000000000000100, RDX=0x0000000000000000
RSP=0x000070000185bca0, RBP=0x000070000185bd00, RSI=0x00007fce84200000, RDI=0x0000000109671c00
R8 =0x0000000000000004, R9 =0x00000000ff000000, R10=0x000000000000000b, R11=0x00007fce84200000
R12=0x00007fce851d4600, R13=0x00000000000003f0, R14=0x00000000b903940a, R15=0x00007fce82c8dfd0
RIP=0x00000001099cceb9, EFLAGS=0x0000000000010202, ERR=0x0000000000000004
  TRAPNO=0x000000000000000e

Top of Stack: (sp=0x000070000185bca0)
0x000070000185bca0:   0000000000000000 0000000000000000
0x000070000185bcb0:   0000000000000000 0000000000000000
0x000070000185bcc0:   000070000185bce0 00007fce82e2c820
0x000070000185bcd0:   00007fce8421e930 00007fce82e2c820
0x000070000185bce0:   00007fce851d4600 00000000000003f0
0x000070000185bcf0:   00000000b903940a 00007fce82c8dfd0
0x000070000185bd00:   000070000185bd60 00000001099cd554
0x000070000185bd10:   000070000185bdbd 000070000185bdbc
0x000070000185bd20:   0000003d00000000 0000003e01140800
0x000070000185bd30:   000070000185bd7e 000070000185c1c8
0x000070000185bd40:   000000000000003e 000070000185bd7e
0x000070000185bd50:   00007fce82e2c820 00007fce831409e8
0x000070000185bd60:   000070000185c1b0 00000001099cc34f
0x000070000185bd70:   000070000185be50 726f000100000001
0x000070000185bd80:   6c65696e61642f67 632f73656d6c6f68
0x000070000185bd90:   61657361622f636f 2f726573796c616e
0x000070000185bda0:   416265572f626577 6369767265537070
0x000070000185bdb0:   632e726f74634165 000000007373616c
0x000070000185bdc0:   00000001244cc101 6a27206183140800
0x000070000185bdd0:   756365732f617661 6972502f79746972
0x000070000185bde0:   41646567656c6976 6378456e6f697463
0x000070000185bdf0:   00276e6f69747065 00000001244cc160
0x000070000185be00:   00007fce83140800 00000001244cc160
0x000070000185be10:   0000000124a87480 00007fce82d6b5a8
0x000070000185be20:   000070000185be50 000000010ac33c81
0x000070000185be30:   3000ceb46a0658f4 0000003000000030
0x000070000185be40:   000070000185be70 0000000000000000
0x000070000185be50:   000070000185bec0 000000010ac33d9b
0x000070000185be60:   000000010afc0d02 00007fce00000520
0x000070000185be70:   00007fce82d6b500 00007fce82d303e0
0x000070000185be80:   00007fce82d303f0 00007fce82d307c8
0x000070000185be90:   00000000000003d8 000000010b2b19e0 

Instructions: (pc=0x00000001099cceb9)
0x00000001099cce99:   49 8b 7f 38 e8 50 1b 00 00 4d 89 77 38 49 89 5f
0x00000001099ccea9:   40 4c 89 f0 48 85 c0 0f 84 11 05 00 00 48 89 c3
0x00000001099cceb9:   0f b6 43 0c 0f b6 4b 0d 48 c1 e1 08 48 01 c1 0f
0x00000001099ccec9:   b6 43 0e 0f b6 53 0f 48 c1 e2 08 48 01 c2 48 c1 

Register to memory mapping:

RAX=0x00007fce82e2c820 is an unknown value
RBX=0x000000012892dd08 is an unknown value
RCX=0x0000000000000100 is an unknown value
RDX=0x0000000000000000 is an unknown value
RSP=0x000070000185bca0 is pointing into the stack for thread: 0x00007fce83140800
RBP=0x000070000185bd00 is pointing into the stack for thread: 0x00007fce83140800
RSI=0x00007fce84200000 is an unknown value
RDI=0x0000000109671c00 is an unknown value
R8 =0x0000000000000004 is an unknown value
R9 =0x00000000ff000000 is an unknown value
R10=0x000000000000000b is an unknown value
R11=0x00007fce84200000 is an unknown value
R12=0x00007fce851d4600 is an unknown value
R13=0x00000000000003f0 is an unknown value
R14=0x00000000b903940a is an unknown value
R15=0x00007fce82c8dfd0 is an unknown value


Stack: [0x000070000175f000,0x000070000185f000],  sp=0x000070000185bca0,  free space=1011k
Native frames: (J=compiled Java code, j=interpreted, Vv=VM code, C=native code)
C  [libzip.dylib+0x2eb9]  newEntry+0x154
C  [libzip.dylib+0x3554]  ZIP_GetEntry2+0xd4
C  [libzip.dylib+0x234f]  Java_java_util_zip_ZipFile_getEntry+0xcf
J 153  java.util.zip.ZipFile.getEntry(J[BZ)J (0 bytes) @ 0x000000010ba7064e [0x000000010ba70580+0xce]
J 1478 C2 java.util.jar.JarFile.getEntry(Ljava/lang/String;)Ljava/util/zip/ZipEntry; (22 bytes) @ 0x000000010bee3f74 [0x000000010bee3c20+0x354]

Java frames: (J=compiled Java code, j=interpreted, Vv=VM code)
J 153  java.util.zip.ZipFile.getEntry(J[BZ)J (0 bytes) @ 0x000000010ba705d8 [0x000000010ba70580+0x58]
J 1478 C2 java.util.jar.JarFile.getEntry(Ljava/lang/String;)Ljava/util/zip/ZipEntry; (22 bytes) @ 0x000000010bee3f74 [0x000000010bee3c20+0x354]
J 1482 C1 org.apache.catalina.loader.WebappClassLoader.findResourceInternal(Ljava/lang/String;Ljava/lang/String;)Lorg/apache/catalina/loader/ResourceEntry; (1479 bytes) @ 0x000000010beeb76c [0x000000010bee8da0+0x29cc]
J 1492 C1 org.apache.catalina.loader.WebappClassLoader.findClassInternal(Ljava/lang/String;)Ljava/lang/Class; (524 bytes) @ 0x000000010bf0dc04 [0x000000010bf0d380+0x884]
J 1522 C1 org.apache.catalina.loader.WebappClassLoader.findClass(Ljava/lang/String;)Ljava/lang/Class; (678 bytes) @ 0x000000010bf32d24 [0x000000010bf2fb60+0x31c4]
J 1486 C1 org.apache.catalina.loader.WebappClassLoader.loadClass(Ljava/lang/String;Z)Ljava/lang/Class; (617 bytes) @ 0x000000010bf0447c [0x000000010bf00a60+0x3a1c]
J 1485 C1 org.apache.catalina.loader.WebappClassLoader.loadClass(Ljava/lang/String;)Ljava/lang/Class; (7 bytes) @ 0x000000010bed9794 [0x000000010bed9700+0x94]
v  ~StubRoutines::call_stub
j  org.danielholmes.coc.baseanalyser.web.WebApp$class.$init$(Lorg/danielholmes/coc/baseanalyser/web/WebApp;)V+27
j  org.danielholmes.coc.baseanalyser.web.WebAppServlet.<init>()V+5
v  ~StubRoutines::call_stub
j  sun.reflect.NativeConstructorAccessorImpl.newInstance0(Ljava/lang/reflect/Constructor;[Ljava/lang/Object;)Ljava/lang/Object;+0
j  sun.reflect.NativeConstructorAccessorImpl.newInstance([Ljava/lang/Object;)Ljava/lang/Object;+85
J 545 C1 sun.reflect.DelegatingConstructorAccessorImpl.newInstance([Ljava/lang/Object;)Ljava/lang/Object; (9 bytes) @ 0x000000010bb6c04c [0x000000010bb6bf40+0x10c]
J 544 C1 java.lang.reflect.Constructor.newInstance([Ljava/lang/Object;)Ljava/lang/Object; (87 bytes) @ 0x000000010bb75bc4 [0x000000010bb75700+0x4c4]
j  spray.servlet.Initializer$$anonfun$contextInitialized$1.apply$mcV$sp()V+375
j  akka.util.Switch.transcend(ZLscala/Function0;)Z+21
j  akka.util.Switch.switchOn(Lscala/Function0;)Z+3
j  spray.servlet.Initializer.contextInitialized(Ljavax/servlet/ServletContextEvent;)V+13
j  org.apache.catalina.core.StandardContext.listenerStart()Z+530
j  org.apache.catalina.core.StandardContext.startInternal()V+1187
j  org.apache.catalina.util.LifecycleBase.start()V+210
j  org.apache.catalina.core.ContainerBase$StartChild.call()Ljava/lang/Void;+4
j  org.apache.catalina.core.ContainerBase$StartChild.call()Ljava/lang/Object;+1
j  java.util.concurrent.FutureTask.run()V+42
j  java.util.concurrent.ThreadPoolExecutor.runWorker(Ljava/util/concurrent/ThreadPoolExecutor$Worker;)V+95
j  java.util.concurrent.ThreadPoolExecutor$Worker.run()V+5
j  java.lang.Thread.run()V+11
v  ~StubRoutines::call_stub

---------------  P R O C E S S  ---------------

Java Threads: ( => current thread )
  0x00007fce83382000 JavaThread "WebApp-akka.actor.default-dispatcher-4" [_thread_blocked, id=25347, stack(0x0000700001b6b000,0x0000700001c6b000)]
  0x00007fce84a84000 JavaThread "WebApp-akka.actor.default-dispatcher-3" [_thread_blocked, id=24835, stack(0x0000700001a68000,0x0000700001b68000)]
  0x00007fce8664a800 JavaThread "WebApp-akka.actor.default-dispatcher-2" [_thread_blocked, id=24323, stack(0x0000700001965000,0x0000700001a65000)]
  0x00007fce85308000 JavaThread "WebApp-scheduler-1" [_thread_blocked, id=23811, stack(0x0000700001862000,0x0000700001962000)]
=>0x00007fce83140800 JavaThread "localhost-startStop-1" daemon [_thread_in_native, id=23299, stack(0x000070000175f000,0x000070000185f000)]
  0x00007fce85220800 JavaThread "Tomcat-startStop-1" daemon [_thread_blocked, id=22787, stack(0x000070000165c000,0x000070000175c000)]
  0x00007fce8319f800 JavaThread "NioBlockingSelector.BlockPoller-1" daemon [_thread_in_native, id=22275, stack(0x0000700001559000,0x0000700001659000)]
  0x00007fce83028800 JavaThread "Service Thread" daemon [_thread_blocked, id=21251, stack(0x0000700001353000,0x0000700001453000)]
  0x00007fce85016000 JavaThread "C1 CompilerThread3" daemon [_thread_blocked, id=20739, stack(0x0000700001250000,0x0000700001350000)]
  0x00007fce86031800 JavaThread "C2 CompilerThread2" daemon [_thread_blocked, id=20227, stack(0x000070000114d000,0x000070000124d000)]
  0x00007fce8480a000 JavaThread "C2 CompilerThread1" daemon [_thread_blocked, id=19715, stack(0x000070000104a000,0x000070000114a000)]
  0x00007fce84808000 JavaThread "C2 CompilerThread0" daemon [_thread_blocked, id=19203, stack(0x0000700000f47000,0x0000700001047000)]
  0x00007fce83027800 JavaThread "Signal Dispatcher" daemon [_thread_blocked, id=15887, stack(0x0000700000e44000,0x0000700000f44000)]
  0x00007fce84801800 JavaThread "Finalizer" daemon [_thread_blocked, id=14339, stack(0x0000700000c3b000,0x0000700000d3b000)]
  0x00007fce86020800 JavaThread "Reference Handler" daemon [_thread_blocked, id=13827, stack(0x0000700000b38000,0x0000700000c38000)]
  0x00007fce86001000 JavaThread "main" [_thread_blocked, id=5891, stack(0x000070000011a000,0x000070000021a000)]

Other Threads:
  0x00007fce8601b800 VMThread [stack: 0x0000700000a35000,0x0000700000b35000] [id=13315]
  0x00007fce8300b800 WatcherThread [stack: 0x0000700001456000,0x0000700001556000] [id=21763]

VM state:not at safepoint (normal execution)

VM Mutex/Monitor currently owned by a thread: None

Heap:
 PSYoungGen      total 547840K, used 345235K [0x000000076ab00000, 0x0000000790300000, 0x00000007c0000000)
  eden space 513536K, 60% used [0x000000076ab00000,0x000000077daaafa8,0x000000078a080000)
  from space 34304K, 99% used [0x000000078cc80000,0x000000078edf9d50,0x000000078ee00000)
  to   space 45056K, 0% used [0x000000078a080000,0x000000078a080000,0x000000078cc80000)
 ParOldGen       total 175104K, used 47948K [0x00000006c0000000, 0x00000006cab00000, 0x000000076ab00000)
  object space 175104K, 27% used [0x00000006c0000000,0x00000006c2ed3358,0x00000006cab00000)
 Metaspace       used 20940K, capacity 21090K, committed 21296K, reserved 1067008K
  class space    used 2779K, capacity 2829K, committed 2864K, reserved 1048576K

Card table byte_map: [0x000000011acdc000,0x000000011b4dd000] byte_map_base: 0x00000001176dc000

Marking Bits: (ParMarkBitMap*) 0x000000010b29d390
 Begin Bits: [0x000000011ba33000, 0x000000011fa33000)
 End Bits:   [0x000000011fa33000, 0x0000000123a33000)

Polling page: 0x000000010904e000

CodeCache: size=245760Kb used=6985Kb max_used=6985Kb free=238774Kb
 bounds [0x000000010b91c000, 0x000000010bffc000, 0x000000011a91c000]
 total_blobs=2170 nmethods=1794 adapters=290
 compilation: enabled

Compilation events (10 events):
Event: 4.362 Thread 0x00007fce85016000 nmethod 1788 0x000000010bfe5350 code [0x000000010bfe54a0, 0x000000010bfe55d0]
Event: 4.362 Thread 0x00007fce85016000 1789       1       scala.collection.IndexedSeqLike$Elements::index (5 bytes)
Event: 4.362 Thread 0x00007fce85016000 nmethod 1789 0x000000010bfe5090 code [0x000000010bfe51e0, 0x000000010bfe52f0]
Event: 4.363 Thread 0x00007fce85016000 1790       1       scala.collection.immutable.Vector::endIndex (5 bytes)
Event: 4.363 Thread 0x00007fce85016000 nmethod 1790 0x000000010bfe4dd0 code [0x000000010bfe4f20, 0x000000010bfe5030]
Event: 4.363 Thread 0x00007fce85016000 1791       1       scala.collection.immutable.VectorBuilder::display0 (5 bytes)
Event: 4.363 Thread 0x00007fce85016000 nmethod 1791 0x000000010bfe4b10 code [0x000000010bfe4c60, 0x000000010bfe4d70]
Event: 4.363 Thread 0x00007fce85016000 1792       3       scala.collection.immutable.HashMap::<init> (9 bytes)
Event: 4.364 Thread 0x00007fce85016000 nmethod 1792 0x000000010bfe6150 code [0x000000010bfe6340, 0x000000010bfe6ae8]
Event: 4.364 Thread 0x00007fce85016000 1794       3       sun.reflect.NativeConstructorAccessorImpl::newInstance (89 bytes)

GC Heap History (10 events):
Event: 1.142 GC heap before
{Heap before GC invocations=2 (full 0):
 PSYoungGen      total 76288K, used 76273K [0x000000076ab00000, 0x0000000774000000, 0x00000007c0000000)
  eden space 65536K, 100% used [0x000000076ab00000,0x000000076eb00000,0x000000076eb00000)
  from space 10752K, 99% used [0x000000076eb00000,0x000000076f57c608,0x000000076f580000)
  to   space 10752K, 0% used [0x0000000773580000,0x0000000773580000,0x0000000774000000)
 ParOldGen       total 175104K, used 505K [0x00000006c0000000, 0x00000006cab00000, 0x000000076ab00000)
  object space 175104K, 0% used [0x00000006c0000000,0x00000006c007e408,0x00000006cab00000)
 Metaspace       used 12069K, capacity 12170K, committed 12416K, reserved 1060864K
  class space    used 1314K, capacity 1349K, committed 1408K, reserved 1048576K
Event: 1.151 GC heap after
Heap after GC invocations=2 (full 0):
 PSYoungGen      total 141824K, used 10744K [0x000000076ab00000, 0x0000000774000000, 0x00000007c0000000)
  eden space 131072K, 0% used [0x000000076ab00000,0x000000076ab00000,0x0000000772b00000)
  from space 10752K, 99% used [0x0000000773580000,0x0000000773ffe0a0,0x0000000774000000)
  to   space 10752K, 0% used [0x0000000772b00000,0x0000000772b00000,0x0000000773580000)
 ParOldGen       total 175104K, used 3694K [0x00000006c0000000, 0x00000006cab00000, 0x000000076ab00000)
  object space 175104K, 2% used [0x00000006c0000000,0x00000006c039b840,0x00000006cab00000)
 Metaspace       used 12069K, capacity 12170K, committed 12416K, reserved 1060864K
  class space    used 1314K, capacity 1349K, committed 1408K, reserved 1048576K
}
Event: 1.617 GC heap before
{Heap before GC invocations=3 (full 0):
 PSYoungGen      total 141824K, used 141816K [0x000000076ab00000, 0x0000000774000000, 0x00000007c0000000)
  eden space 131072K, 100% used [0x000000076ab00000,0x0000000772b00000,0x0000000772b00000)
  from space 10752K, 99% used [0x0000000773580000,0x0000000773ffe0a0,0x0000000774000000)
  to   space 10752K, 0% used [0x0000000772b00000,0x0000000772b00000,0x0000000773580000)
 ParOldGen       total 175104K, used 3694K [0x00000006c0000000, 0x00000006cab00000, 0x000000076ab00000)
  object space 175104K, 2% used [0x00000006c0000000,0x00000006c039b840,0x00000006cab00000)
 Metaspace       used 12082K, capacity 12170K, committed 12416K, reserved 1060864K
  class space    used 1315K, capacity 1349K, committed 1408K, reserved 1048576K
Event: 1.628 GC heap after
Heap after GC invocations=3 (full 0):
 PSYoungGen      total 141824K, used 10725K [0x000000076ab00000, 0x000000077c000000, 0x00000007c0000000)
  eden space 131072K, 0% used [0x000000076ab00000,0x000000076ab00000,0x0000000772b00000)
  from space 10752K, 99% used [0x0000000772b00000,0x00000007735795d8,0x0000000773580000)
  to   space 10752K, 0% used [0x000000077b580000,0x000000077b580000,0x000000077c000000)
 ParOldGen       total 175104K, used 6332K [0x00000006c0000000, 0x00000006cab00000, 0x000000076ab00000)
  object space 175104K, 3% used [0x00000006c0000000,0x00000006c062f370,0x00000006cab00000)
 Metaspace       used 12082K, capacity 12170K, committed 12416K, reserved 1060864K
  class space    used 1315K, capacity 1349K, committed 1408K, reserved 1048576K
}
Event: 1.886 GC heap before
{Heap before GC invocations=4 (full 0):
 PSYoungGen      total 141824K, used 141797K [0x000000076ab00000, 0x000000077c000000, 0x00000007c0000000)
  eden space 131072K, 100% used [0x000000076ab00000,0x0000000772b00000,0x0000000772b00000)
  from space 10752K, 99% used [0x0000000772b00000,0x00000007735795d8,0x0000000773580000)
  to   space 10752K, 0% used [0x000000077b580000,0x000000077b580000,0x000000077c000000)
 ParOldGen       total 175104K, used 6332K [0x00000006c0000000, 0x00000006cab00000, 0x000000076ab00000)
  object space 175104K, 3% used [0x00000006c0000000,0x00000006c062f370,0x00000006cab00000)
 Metaspace       used 12086K, capacity 12170K, committed 12416K, reserved 1060864K
  class space    used 1315K, capacity 1349K, committed 1408K, reserved 1048576K
Event: 1.897 GC heap after
Heap after GC invocations=4 (full 0):
 PSYoungGen      total 272896K, used 10748K [0x000000076ab00000, 0x000000077c000000, 0x00000007c0000000)
  eden space 262144K, 0% used [0x000000076ab00000,0x000000076ab00000,0x000000077ab00000)
  from space 10752K, 99% used [0x000000077b580000,0x000000077bfff0a0,0x000000077c000000)
  to   space 10752K, 0% used [0x000000077ab00000,0x000000077ab00000,0x000000077b580000)
 ParOldGen       total 175104K, used 9806K [0x00000006c0000000, 0x00000006cab00000, 0x000000076ab00000)
  object space 175104K, 5% used [0x00000006c0000000,0x00000006c0993b70,0x00000006cab00000)
 Metaspace       used 12086K, capacity 12170K, committed 12416K, reserved 1060864K
  class space    used 1315K, capacity 1349K, committed 1408K, reserved 1048576K
}
Event: 2.525 GC heap before
{Heap before GC invocations=5 (full 0):
 PSYoungGen      total 272896K, used 272892K [0x000000076ab00000, 0x000000077c000000, 0x00000007c0000000)
  eden space 262144K, 100% used [0x000000076ab00000,0x000000077ab00000,0x000000077ab00000)
  from space 10752K, 99% used [0x000000077b580000,0x000000077bfff0a0,0x000000077c000000)
  to   space 10752K, 0% used [0x000000077ab00000,0x000000077ab00000,0x000000077b580000)
 ParOldGen       total 175104K, used 9806K [0x00000006c0000000, 0x00000006cab00000, 0x000000076ab00000)
  object space 175104K, 5% used [0x00000006c0000000,0x00000006c0993b70,0x00000006cab00000)
 Metaspace       used 12108K, capacity 12234K, committed 12416K, reserved 1060864K
  class space    used 1315K, capacity 1349K, committed 1408K, reserved 1048576K
Event: 2.560 GC heap after
Heap after GC invocations=5 (full 0):
 PSYoungGen      total 272896K, used 10728K [0x000000076ab00000, 0x000000078ee00000, 0x00000007c0000000)
  eden space 262144K, 0% used [0x000000076ab00000,0x000000076ab00000,0x000000077ab00000)
  from space 10752K, 99% used [0x000000077ab00000,0x000000077b57a2a0,0x000000077b580000)
  to   space 34304K, 0% used [0x000000078cc80000,0x000000078cc80000,0x000000078ee00000)
 ParOldGen       total 175104K, used 40732K [0x00000006c0000000, 0x00000006cab00000, 0x000000076ab00000)
  object space 175104K, 23% used [0x00000006c0000000,0x00000006c27c7198,0x00000006cab00000)
 Metaspace       used 12108K, capacity 12234K, committed 12416K, reserved 1060864K
  class space    used 1315K, capacity 1349K, committed 1408K, reserved 1048576K
}
Event: 3.118 GC heap before
{Heap before GC invocations=6 (full 0):
 PSYoungGen      total 272896K, used 272872K [0x000000076ab00000, 0x000000078ee00000, 0x00000007c0000000)
  eden space 262144K, 100% used [0x000000076ab00000,0x000000077ab00000,0x000000077ab00000)
  from space 10752K, 99% used [0x000000077ab00000,0x000000077b57a2a0,0x000000077b580000)
  to   space 34304K, 0% used [0x000000078cc80000,0x000000078cc80000,0x000000078ee00000)
 ParOldGen       total 175104K, used 40732K [0x00000006c0000000, 0x00000006cab00000, 0x000000076ab00000)
  object space 175104K, 23% used [0x00000006c0000000,0x00000006c27c7198,0x00000006cab00000)
 Metaspace       used 12144K, capacity 12234K, committed 12416K, reserved 1060864K
  class space    used 1315K, capacity 1349K, committed 1408K, reserved 1048576K
Event: 3.149 GC heap after
Heap after GC invocations=6 (full 0):
 PSYoungGen      total 547840K, used 34279K [0x000000076ab00000, 0x0000000790300000, 0x00000007c0000000)
  eden space 513536K, 0% used [0x000000076ab00000,0x000000076ab00000,0x000000078a080000)
  from space 34304K, 99% used [0x000000078cc80000,0x000000078edf9d50,0x000000078ee00000)
  to   space 45056K, 0% used [0x000000078a080000,0x000000078a080000,0x000000078cc80000)
 ParOldGen       total 175104K, used 47948K [0x00000006c0000000, 0x00000006cab00000, 0x000000076ab00000)
  object space 175104K, 27% used [0x00000006c0000000,0x00000006c2ed3358,0x00000006cab00000)
 Metaspace       used 12144K, capacity 12234K, committed 12416K, reserved 1060864K
  class space    used 1315K, capacity 1349K, committed 1408K, reserved 1048576K
}

Deoptimization events (10 events):
Event: 3.845 Thread 0x00007fce83140800 Uncommon trap: reason=unreached action=reinterpret pc=0x000000010bb224e4 method=java.lang.AbstractStringBuilder.append(Ljava/lang/String;)Ljava/lang/AbstractStringBuilder; @ 1
Event: 3.897 Thread 0x00007fce83140800 Uncommon trap: reason=class_check action=maybe_recompile pc=0x000000010bf4d244 method=java.util.AbstractCollection.isEmpty()Z @ 1
Event: 3.900 Thread 0x00007fce83140800 Uncommon trap: reason=class_check action=maybe_recompile pc=0x000000010bf4d244 method=java.util.AbstractCollection.isEmpty()Z @ 1
Event: 3.900 Thread 0x00007fce83140800 Uncommon trap: reason=class_check action=maybe_recompile pc=0x000000010bf4d244 method=java.util.AbstractCollection.isEmpty()Z @ 1
Event: 3.906 Thread 0x00007fce83140800 Uncommon trap: reason=class_check action=maybe_recompile pc=0x000000010bf4d244 method=java.util.AbstractCollection.isEmpty()Z @ 1
Event: 4.146 Thread 0x00007fce83140800 Uncommon trap: reason=class_check action=maybe_recompile pc=0x000000010bf5236c method=com.typesafe.config.impl.Tokenizer$TokenIterator.nextCharRaw()I @ 14
Event: 4.146 Thread 0x00007fce83140800 Uncommon trap: reason=class_check action=maybe_recompile pc=0x000000010bf5236c method=com.typesafe.config.impl.Tokenizer$TokenIterator.nextCharRaw()I @ 14
Event: 4.146 Thread 0x00007fce83140800 Uncommon trap: reason=class_check action=maybe_recompile pc=0x000000010bf5236c method=com.typesafe.config.impl.Tokenizer$TokenIterator.nextCharRaw()I @ 14
Event: 4.146 Thread 0x00007fce83140800 Uncommon trap: reason=class_check action=maybe_recompile pc=0x000000010bf5236c method=com.typesafe.config.impl.Tokenizer$TokenIterator.nextCharRaw()I @ 14
Event: 4.351 Thread 0x00007fce83140800 Uncommon trap: reason=unreached action=reinterpret pc=0x000000010bfa1be8 method=java.lang.ThreadLocal$ThreadLocalMap.getEntry(Ljava/lang/ThreadLocal;)Ljava/lang/ThreadLocal$ThreadLocalMap$Entry; @ 29

Internal exceptions (10 events):
Event: 4.362 Thread 0x00007fce83382000 Exception <a 'java/security/PrivilegedActionException'> (0x000000077d6232e8) thrown at [/HUDSON3/workspace/8-2-build-macosx-x86_64/jdk8u25/1514/hotspot/src/share/vm/prims/jvm.cpp, line 1312]
Event: 4.362 Thread 0x00007fce83382000 Exception <a 'java/security/PrivilegedActionException'> (0x000000077d623828) thrown at [/HUDSON3/workspace/8-2-build-macosx-x86_64/jdk8u25/1514/hotspot/src/share/vm/prims/jvm.cpp, line 1312]
Event: 4.363 Thread 0x00007fce83140800 Exception <a 'java/security/PrivilegedActionException'> (0x000000077c8d6630) thrown at [/HUDSON3/workspace/8-2-build-macosx-x86_64/jdk8u25/1514/hotspot/src/share/vm/prims/jvm.cpp, line 1312]
Event: 4.363 Thread 0x00007fce83140800 Exception <a 'java/security/PrivilegedActionException'> (0x000000077c8d6e60) thrown at [/HUDSON3/workspace/8-2-build-macosx-x86_64/jdk8u25/1514/hotspot/src/share/vm/prims/jvm.cpp, line 1312]
Event: 4.364 Thread 0x00007fce83140800 Exception <a 'java/security/PrivilegedActionException'> (0x000000077c8dcbb0) thrown at [/HUDSON3/workspace/8-2-build-macosx-x86_64/jdk8u25/1514/hotspot/src/share/vm/prims/jvm.cpp, line 1312]
Event: 4.364 Thread 0x00007fce83140800 Exception <a 'java/security/PrivilegedActionException'> (0x000000077c8dd520) thrown at [/HUDSON3/workspace/8-2-build-macosx-x86_64/jdk8u25/1514/hotspot/src/share/vm/prims/jvm.cpp, line 1312]
Event: 4.364 Thread 0x00007fce84a84000 Exception <a 'java/security/PrivilegedActionException'> (0x000000077d108858) thrown at [/HUDSON3/workspace/8-2-build-macosx-x86_64/jdk8u25/1514/hotspot/src/share/vm/prims/jvm.cpp, line 1312]
Event: 4.364 Thread 0x00007fce84a84000 Exception <a 'java/security/PrivilegedActionException'> (0x000000077d108eb8) thrown at [/HUDSON3/workspace/8-2-build-macosx-x86_64/jdk8u25/1514/hotspot/src/share/vm/prims/jvm.cpp, line 1312]
Event: 4.365 Thread 0x00007fce83140800 Exception <a 'java/security/PrivilegedActionException'> (0x000000077c8e2f68) thrown at [/HUDSON3/workspace/8-2-build-macosx-x86_64/jdk8u25/1514/hotspot/src/share/vm/prims/jvm.cpp, line 1312]
Event: 4.365 Thread 0x00007fce83140800 Exception <a 'java/security/PrivilegedActionException'> (0x000000077c8e35e0) thrown at [/HUDSON3/workspace/8-2-build-macosx-x86_64/jdk8u25/1514/hotspot/src/share/vm/prims/jvm.cpp, line 1312]

Events (10 events):
Event: 4.362 loading class akka/util/BoxedType$
Event: 4.362 loading class akka/util/BoxedType$ done
Event: 4.362 Executing VM operation: RevokeBias
Event: 4.363 Executing VM operation: RevokeBias done
Event: 4.363 loading class akka/actor/ActorSystemImpl$$anonfun$loadExtensions$1
Event: 4.363 loading class akka/actor/ActorSystemImpl$$anonfun$loadExtensions$1 done
Event: 4.364 loading class akka/event/EventStreamUnsubscriber$$anonfun$receive$1
Event: 4.364 loading class akka/event/EventStreamUnsubscriber$$anonfun$receive$1 done
Event: 4.365 loading class org/danielholmes/coc/baseanalyser/web/WebAppServiceActor
Event: 4.365 loading class org/danielholmes/coc/baseanalyser/web/WebAppServiceActor done


Dynamic libraries:
0x0000000001d71000 	/System/Library/Frameworks/Cocoa.framework/Versions/A/Cocoa
0x0000000108c2f000 	/System/Library/Frameworks/Security.framework/Versions/A/Security
0x0000000001d71000 	/System/Library/Frameworks/ApplicationServices.framework/Versions/A/ApplicationServices
0x0000000001d71000 	/usr/lib/libz.1.dylib
0x0000000001d71000 	/usr/lib/libSystem.B.dylib
0x0000000001d71000 	/usr/lib/libobjc.A.dylib
0x0000000001d71000 	/System/Library/Frameworks/CoreFoundation.framework/Versions/A/CoreFoundation
0x0000000001d71000 	/System/Library/Frameworks/Foundation.framework/Versions/C/Foundation
0x0000000001d71000 	/System/Library/Frameworks/AppKit.framework/Versions/C/AppKit
0x0000000001d71000 	/System/Library/Frameworks/CoreData.framework/Versions/A/CoreData
0x0000000001d71000 	/System/Library/PrivateFrameworks/RemoteViewServices.framework/Versions/A/RemoteViewServices
0x0000000001d71000 	/System/Library/PrivateFrameworks/UIFoundation.framework/Versions/A/UIFoundation
0x0000000001d71000 	/usr/lib/libScreenReader.dylib
0x0000000001d71000 	/System/Library/Frameworks/Accelerate.framework/Versions/A/Accelerate
0x0000000001d71000 	/System/Library/Frameworks/IOSurface.framework/Versions/A/IOSurface
0x0000000001d71000 	/System/Library/Frameworks/AudioToolbox.framework/Versions/A/AudioToolbox
0x0000000001d71000 	/System/Library/Frameworks/AudioUnit.framework/Versions/A/AudioUnit
0x0000000001d71000 	/System/Library/PrivateFrameworks/DataDetectorsCore.framework/Versions/A/DataDetectorsCore
0x0000000001d71000 	/System/Library/PrivateFrameworks/DesktopServicesPriv.framework/Versions/A/DesktopServicesPriv
0x0000000001d71000 	/System/Library/Frameworks/Carbon.framework/Versions/A/Frameworks/HIToolbox.framework/Versions/A/HIToolbox
0x0000000001d71000 	/System/Library/Frameworks/QuartzCore.framework/Versions/A/QuartzCore
0x0000000001d71000 	/System/Library/Frameworks/Carbon.framework/Versions/A/Frameworks/SpeechRecognition.framework/Versions/A/SpeechRecognition
0x0000000001d71000 	/usr/lib/libauto.dylib
0x0000000001d71000 	/usr/lib/libicucore.A.dylib
0x0000000001d71000 	/usr/lib/libxml2.2.dylib
0x0000000001d71000 	/System/Library/PrivateFrameworks/CoreUI.framework/Versions/A/CoreUI
0x0000000001d71000 	/System/Library/Frameworks/CoreAudio.framework/Versions/A/CoreAudio
0x0000000001d71000 	/System/Library/Frameworks/DiskArbitration.framework/Versions/A/DiskArbitration
0x0000000001d71000 	/usr/lib/liblangid.dylib
0x0000000001d71000 	/System/Library/PrivateFrameworks/MultitouchSupport.framework/Versions/A/MultitouchSupport
0x0000000001d71000 	/System/Library/Frameworks/IOKit.framework/Versions/A/IOKit
0x0000000001d71000 	/usr/lib/libDiagnosticMessagesClient.dylib
0x0000000001d71000 	/System/Library/Frameworks/CoreServices.framework/Versions/A/CoreServices
0x0000000001d71000 	/System/Library/PrivateFrameworks/PerformanceAnalysis.framework/Versions/A/PerformanceAnalysis
0x0000000001d71000 	/System/Library/PrivateFrameworks/GenerationalStorage.framework/Versions/A/GenerationalStorage
0x0000000001d71000 	/System/Library/Frameworks/OpenGL.framework/Versions/A/OpenGL
0x0000000001d71000 	/System/Library/PrivateFrameworks/Sharing.framework/Versions/A/Sharing
0x0000000001d71000 	/System/Library/Frameworks/CoreGraphics.framework/Versions/A/CoreGraphics
0x0000000001d71000 	/System/Library/Frameworks/CoreImage.framework/Versions/A/CoreImage
0x0000000001d71000 	/System/Library/Frameworks/CoreText.framework/Versions/A/CoreText
0x0000000001d71000 	/System/Library/Frameworks/ImageIO.framework/Versions/A/ImageIO
0x0000000001d71000 	/System/Library/PrivateFrameworks/Backup.framework/Versions/A/Backup
0x0000000001d71000 	/usr/lib/libextension.dylib
0x0000000001d71000 	/usr/lib/libarchive.2.dylib
0x000000010904f000 	/System/Library/Frameworks/CFNetwork.framework/Versions/A/CFNetwork
0x0000000001d71000 	/System/Library/Frameworks/SystemConfiguration.framework/Versions/A/SystemConfiguration
0x0000000001d71000 	/usr/lib/libCRFSuite.dylib
0x0000000001d71000 	/usr/lib/libc++.1.dylib
0x0000000001d71000 	/usr/lib/libc++abi.dylib
0x0000000001d71000 	/usr/lib/system/libcache.dylib
0x0000000001d71000 	/usr/lib/system/libcommonCrypto.dylib
0x0000000001d71000 	/usr/lib/system/libcompiler_rt.dylib
0x0000000001d71000 	/usr/lib/system/libcopyfile.dylib
0x0000000001d71000 	/usr/lib/system/libcorecrypto.dylib
0x0000000001d71000 	/usr/lib/system/libdispatch.dylib
0x0000000001d71000 	/usr/lib/system/libdyld.dylib
0x0000000001d71000 	/usr/lib/system/libkeymgr.dylib
0x00000001094c4000 	/usr/lib/system/liblaunch.dylib
0x0000000001d71000 	/usr/lib/system/libmacho.dylib
0x0000000001d71000 	/usr/lib/system/libquarantine.dylib
0x0000000001d71000 	/usr/lib/system/libremovefile.dylib
0x0000000001d71000 	/usr/lib/system/libsystem_asl.dylib
0x0000000001d71000 	/usr/lib/system/libsystem_blocks.dylib
0x0000000001d71000 	/usr/lib/system/libsystem_c.dylib
0x0000000001d71000 	/usr/lib/system/libsystem_configuration.dylib
0x0000000001d71000 	/usr/lib/system/libsystem_coreservices.dylib
0x0000000001d71000 	/usr/lib/system/libsystem_coretls.dylib
0x0000000001d71000 	/usr/lib/system/libsystem_dnssd.dylib
0x0000000001d71000 	/usr/lib/system/libsystem_info.dylib
0x0000000001d71000 	/usr/lib/system/libsystem_kernel.dylib
0x0000000001d71000 	/usr/lib/system/libsystem_m.dylib
0x0000000001d71000 	/usr/lib/system/libsystem_malloc.dylib
0x0000000001d71000 	/usr/lib/system/libsystem_network.dylib
0x0000000001d71000 	/usr/lib/system/libsystem_networkextension.dylib
0x0000000001d71000 	/usr/lib/system/libsystem_notify.dylib
0x0000000001d71000 	/usr/lib/system/libsystem_platform.dylib
0x0000000001d71000 	/usr/lib/system/libsystem_pthread.dylib
0x00000001094ce000 	/usr/lib/system/libsystem_sandbox.dylib
0x0000000001d71000 	/usr/lib/system/libsystem_secinit.dylib
0x0000000001d71000 	/usr/lib/system/libsystem_trace.dylib
0x0000000001d71000 	/usr/lib/system/libunc.dylib
0x0000000001d71000 	/usr/lib/system/libunwind.dylib
0x00000001094da000 	/usr/lib/system/libxpc.dylib
0x0000000001d71000 	/usr/lib/libenergytrace.dylib
0x0000000001d71000 	/usr/lib/libbsm.0.dylib
0x0000000001d71000 	/usr/lib/system/libkxld.dylib
0x0000000001d71000 	/usr/lib/libxar.1.dylib
0x0000000109528000 	/usr/lib/libsqlite3.dylib
0x0000000001d71000 	/usr/lib/libpam.2.dylib
0x0000000001d71000 	/usr/lib/libOpenScriptingUtil.dylib
0x0000000001d71000 	/usr/lib/libbz2.1.0.dylib
0x0000000001d71000 	/usr/lib/liblzma.5.dylib
0x0000000001d71000 	/System/Library/Frameworks/CoreServices.framework/Versions/A/Frameworks/FSEvents.framework/Versions/A/FSEvents
0x0000000001d71000 	/System/Library/Frameworks/CoreServices.framework/Versions/A/Frameworks/CarbonCore.framework/Versions/A/CarbonCore
0x0000000001d71000 	/System/Library/Frameworks/CoreServices.framework/Versions/A/Frameworks/Metadata.framework/Versions/A/Metadata
0x0000000001d71000 	/System/Library/Frameworks/CoreServices.framework/Versions/A/Frameworks/OSServices.framework/Versions/A/OSServices
0x0000000001d71000 	/System/Library/Frameworks/CoreServices.framework/Versions/A/Frameworks/SearchKit.framework/Versions/A/SearchKit
0x0000000001d71000 	/System/Library/Frameworks/CoreServices.framework/Versions/A/Frameworks/AE.framework/Versions/A/AE
0x0000000001d71000 	/System/Library/Frameworks/CoreServices.framework/Versions/A/Frameworks/LaunchServices.framework/Versions/A/LaunchServices
0x0000000001d71000 	/System/Library/Frameworks/CoreServices.framework/Versions/A/Frameworks/DictionaryServices.framework/Versions/A/DictionaryServices
0x0000000001d71000 	/System/Library/Frameworks/CoreServices.framework/Versions/A/Frameworks/SharedFileList.framework/Versions/A/SharedFileList
0x0000000001d71000 	/System/Library/Frameworks/NetFS.framework/Versions/A/NetFS
0x0000000001d71000 	/System/Library/PrivateFrameworks/NetAuth.framework/Versions/A/NetAuth
0x0000000001d71000 	/System/Library/PrivateFrameworks/login.framework/Versions/A/Frameworks/loginsupport.framework/Versions/A/loginsupport
0x0000000001d71000 	/System/Library/PrivateFrameworks/TCC.framework/Versions/A/TCC
0x0000000001d71000 	/usr/lib/libmecabra.dylib
0x0000000001d71000 	/System/Library/Frameworks/ApplicationServices.framework/Versions/A/Frameworks/ATS.framework/Versions/A/ATS
0x0000000001d71000 	/System/Library/Frameworks/ApplicationServices.framework/Versions/A/Frameworks/ColorSync.framework/Versions/A/ColorSync
0x0000000001d71000 	/System/Library/Frameworks/ApplicationServices.framework/Versions/A/Frameworks/HIServices.framework/Versions/A/HIServices
0x0000000001d71000 	/System/Library/Frameworks/ApplicationServices.framework/Versions/A/Frameworks/LangAnalysis.framework/Versions/A/LangAnalysis
0x0000000001d71000 	/System/Library/Frameworks/ApplicationServices.framework/Versions/A/Frameworks/PrintCore.framework/Versions/A/PrintCore
0x0000000001d71000 	/System/Library/Frameworks/ApplicationServices.framework/Versions/A/Frameworks/QD.framework/Versions/A/QD
0x0000000001d71000 	/System/Library/Frameworks/ApplicationServices.framework/Versions/A/Frameworks/SpeechSynthesis.framework/Versions/A/SpeechSynthesis
0x0000000001d71000 	/System/Library/Frameworks/Metal.framework/Versions/A/Metal
0x0000000001d71000 	/System/Library/Frameworks/Accelerate.framework/Versions/A/Frameworks/vImage.framework/Versions/A/vImage
0x0000000001d71000 	/System/Library/Frameworks/Accelerate.framework/Versions/A/Frameworks/vecLib.framework/Versions/A/vecLib
0x0000000001d71000 	/System/Library/Frameworks/Accelerate.framework/Versions/A/Frameworks/vecLib.framework/Versions/A/libvDSP.dylib
0x0000000001d71000 	/System/Library/Frameworks/Accelerate.framework/Versions/A/Frameworks/vecLib.framework/Versions/A/libvMisc.dylib
0x0000000001d71000 	/System/Library/Frameworks/Accelerate.framework/Versions/A/Frameworks/vecLib.framework/Versions/A/libLAPACK.dylib
0x0000000001d71000 	/System/Library/Frameworks/Accelerate.framework/Versions/A/Frameworks/vecLib.framework/Versions/A/libBLAS.dylib
0x0000000001d71000 	/System/Library/Frameworks/Accelerate.framework/Versions/A/Frameworks/vecLib.framework/Versions/A/libLinearAlgebra.dylib
0x0000000001d71000 	/System/Library/Frameworks/Accelerate.framework/Versions/A/Frameworks/vecLib.framework/Versions/A/libSparseBLAS.dylib
0x0000000001d71000 	/System/Library/PrivateFrameworks/GPUCompiler.framework/libmetal_timestamp.dylib
0x0000000001d71000 	/System/Library/Frameworks/OpenGL.framework/Versions/A/Libraries/libCoreFSCache.dylib
0x0000000001d71000 	/System/Library/PrivateFrameworks/IOAccelerator.framework/Versions/A/IOAccelerator
0x0000000001d71000 	/System/Library/Frameworks/ApplicationServices.framework/Versions/A/Frameworks/ATS.framework/Versions/A/Resources/libFontParser.dylib
0x0000000001d71000 	/System/Library/Frameworks/ApplicationServices.framework/Versions/A/Frameworks/ATS.framework/Versions/A/Resources/libFontRegistry.dylib
0x0000000001d71000 	/System/Library/PrivateFrameworks/AppleVPA.framework/Versions/A/AppleVPA
0x0000000001d71000 	/System/Library/PrivateFrameworks/AppleJPEG.framework/Versions/A/AppleJPEG
0x0000000001d71000 	/System/Library/Frameworks/ImageIO.framework/Versions/A/Resources/libJPEG.dylib
0x0000000001d71000 	/System/Library/Frameworks/ImageIO.framework/Versions/A/Resources/libTIFF.dylib
0x0000000001d71000 	/System/Library/Frameworks/ImageIO.framework/Versions/A/Resources/libPng.dylib
0x0000000001d71000 	/System/Library/Frameworks/ImageIO.framework/Versions/A/Resources/libGIF.dylib
0x0000000001d71000 	/System/Library/Frameworks/ImageIO.framework/Versions/A/Resources/libJP2.dylib
0x0000000001d71000 	/System/Library/Frameworks/ImageIO.framework/Versions/A/Resources/libRadiance.dylib
0x0000000001d71000 	/System/Library/Frameworks/CoreVideo.framework/Versions/A/CoreVideo
0x0000000001d71000 	/System/Library/Frameworks/OpenGL.framework/Versions/A/Libraries/libGLU.dylib
0x0000000001d71000 	/System/Library/Frameworks/OpenGL.framework/Versions/A/Libraries/libGFXShared.dylib
0x0000000001d71000 	/System/Library/Frameworks/OpenGL.framework/Versions/A/Libraries/libGL.dylib
0x0000000001d71000 	/System/Library/Frameworks/OpenGL.framework/Versions/A/Libraries/libGLImage.dylib
0x0000000001d71000 	/System/Library/Frameworks/OpenGL.framework/Versions/A/Libraries/libCVMSPluginSupport.dylib
0x0000000001d71000 	/System/Library/Frameworks/OpenGL.framework/Versions/A/Libraries/libCoreVMClient.dylib
0x0000000001d71000 	/usr/lib/libcups.2.dylib
0x0000000001d71000 	/System/Library/Frameworks/Kerberos.framework/Versions/A/Kerberos
0x0000000001d71000 	/System/Library/Frameworks/GSS.framework/Versions/A/GSS
0x0000000001d71000 	/usr/lib/libresolv.9.dylib
0x0000000001d71000 	/usr/lib/libiconv.2.dylib
0x0000000001d71000 	/System/Library/PrivateFrameworks/Heimdal.framework/Versions/A/Heimdal
0x0000000001d71000 	/usr/lib/libheimdal-asn1.dylib
0x0000000001d71000 	/System/Library/Frameworks/OpenDirectory.framework/Versions/A/OpenDirectory
0x0000000001d71000 	/System/Library/PrivateFrameworks/CommonAuth.framework/Versions/A/CommonAuth
0x0000000001d71000 	/System/Library/Frameworks/OpenDirectory.framework/Versions/A/Frameworks/CFOpenDirectory.framework/Versions/A/CFOpenDirectory
0x0000000001d71000 	/System/Library/Frameworks/SecurityFoundation.framework/Versions/A/SecurityFoundation
0x0000000001d71000 	/System/Library/PrivateFrameworks/LanguageModeling.framework/Versions/A/LanguageModeling
0x0000000001d71000 	/usr/lib/libmarisa.dylib
0x0000000001d71000 	/usr/lib/libChineseTokenizer.dylib
0x0000000001d71000 	/usr/lib/libcmph.dylib
0x0000000001d71000 	/usr/lib/libcompression.dylib
0x0000000109664000 	/System/Library/Frameworks/ServiceManagement.framework/Versions/A/ServiceManagement
0x0000000001d71000 	/usr/lib/libxslt.1.dylib
0x0000000001d71000 	/System/Library/Frameworks/Carbon.framework/Versions/A/Frameworks/Ink.framework/Versions/A/Ink
0x0000000001d71000 	/usr/lib/libFosl_dynamic.dylib
0x0000000001d71000 	/System/Library/PrivateFrameworks/FaceCore.framework/Versions/A/FaceCore
0x0000000001d71000 	/System/Library/Frameworks/OpenCL.framework/Versions/A/OpenCL
0x0000000001d71000 	/System/Library/PrivateFrameworks/CrashReporterSupport.framework/Versions/A/CrashReporterSupport
0x0000000001d71000 	/System/Library/PrivateFrameworks/IconServices.framework/Versions/A/IconServices
0x0000000001d71000 	/System/Library/PrivateFrameworks/Apple80211.framework/Versions/A/Apple80211
0x0000000001d71000 	/System/Library/Frameworks/CoreWLAN.framework/Versions/A/CoreWLAN
0x0000000001d71000 	/System/Library/Frameworks/IOBluetooth.framework/Versions/A/IOBluetooth
0x0000000001d71000 	/System/Library/PrivateFrameworks/CoreWiFi.framework/Versions/A/CoreWiFi
0x0000000001d71000 	/System/Library/Frameworks/CoreBluetooth.framework/Versions/A/CoreBluetooth
0x0000000001d71000 	/System/Library/PrivateFrameworks/ChunkingLibrary.framework/Versions/A/ChunkingLibrary
0x0000000001d71000 	/System/Library/PrivateFrameworks/DebugSymbols.framework/Versions/A/DebugSymbols
0x0000000001d71000 	/System/Library/PrivateFrameworks/CoreSymbolication.framework/Versions/A/CoreSymbolication
0x0000000001d71000 	/System/Library/PrivateFrameworks/Symbolication.framework/Versions/A/Symbolication
0x0000000001d71000 	/System/Library/PrivateFrameworks/SpeechRecognitionCore.framework/Versions/A/SpeechRecognitionCore
0x000000010aa00000 	/Library/Java/JavaVirtualMachines/jdk1.8.0_25.jdk/Contents/Home/jre/lib/server/libjvm.dylib
0x00000001098c9000 	/usr/lib/libstdc++.6.dylib
0x0000000109980000 	/Library/Java/JavaVirtualMachines/jdk1.8.0_25.jdk/Contents/Home/jre/lib/libverify.dylib
0x000000010998e000 	/Library/Java/JavaVirtualMachines/jdk1.8.0_25.jdk/Contents/Home/jre/lib/libjava.dylib
0x00000001099ca000 	/Library/Java/JavaVirtualMachines/jdk1.8.0_25.jdk/Contents/Home/jre/lib/libzip.dylib
0x00000001269a6000 	/System/Library/Frameworks/JavaVM.framework/Frameworks/JavaRuntimeSupport.framework/JavaRuntimeSupport
0x00000001269c1000 	/System/Library/Frameworks/JavaVM.framework/Versions/A/Frameworks/JavaNativeFoundation.framework/Versions/A/JavaNativeFoundation
0x00000001269d6000 	/System/Library/Frameworks/JavaVM.framework/Versions/A/JavaVM
0x0000000001d71000 	/System/Library/Frameworks/Carbon.framework/Versions/A/Carbon
0x00000001269e3000 	/System/Library/PrivateFrameworks/JavaLaunching.framework/Versions/A/JavaLaunching
0x0000000001d71000 	/System/Library/Frameworks/Carbon.framework/Versions/A/Frameworks/CommonPanels.framework/Versions/A/CommonPanels
0x0000000001d71000 	/System/Library/Frameworks/Carbon.framework/Versions/A/Frameworks/Help.framework/Versions/A/Help
0x0000000001d71000 	/System/Library/Frameworks/Carbon.framework/Versions/A/Frameworks/ImageCapture.framework/Versions/A/ImageCapture
0x0000000001d71000 	/System/Library/Frameworks/Carbon.framework/Versions/A/Frameworks/OpenScripting.framework/Versions/A/OpenScripting
0x0000000001d71000 	/System/Library/Frameworks/Carbon.framework/Versions/A/Frameworks/Print.framework/Versions/A/Print
0x0000000001d71000 	/System/Library/Frameworks/Carbon.framework/Versions/A/Frameworks/SecurityHI.framework/Versions/A/SecurityHI
0x0000000128394000 	/Library/Java/JavaVirtualMachines/jdk1.8.0_25.jdk/Contents/Home/jre/lib/libmanagement.dylib
0x00000001283a1000 	/Library/Java/JavaVirtualMachines/jdk1.8.0_25.jdk/Contents/Home/jre/lib/libnet.dylib
0x0000000128838000 	/Library/Java/JavaVirtualMachines/jdk1.8.0_25.jdk/Contents/Home/jre/lib/libnio.dylib

VM Arguments:
java_command: webapp.runner.launch.Main /Volumes/data/projects/coc-base-analyser/target/webapp
java_class_path (initial): /Users/daniel/.ivy2/cache/com.github.jsimone/webapp-runner/jars/webapp-runner-7.0.34.1.jar
Launcher Type: SUN_STANDARD

Environment Variables:
JAVA_HOME=/Library/Java/JavaVirtualMachines/jdk1.8.0_25.jdk/Contents/Home
PATH=/Users/daniel/.rbenv/shims:/usr/local/opt/php56/bin:/usr/local/bin:/usr/local/share/python:/usr/local/share/npm/bin:/usr/local/bin:/usr/bin:/bin:/usr/sbin:/sbin:/opt/X11/bin
SHELL=/bin/bash
DISPLAY=/private/tmp/com.apple.launchd.PGV5jgF0Cn/org.macosforge.xquartz:0

Signal Handlers:
SIGSEGV: [libjvm.dylib+0x579dc7], sa_mask[0]=11111111011111110111111111111111, sa_flags=SA_ONSTACK|SA_RESTART|SA_SIGINFO
SIGBUS: [libjvm.dylib+0x579dc7], sa_mask[0]=11111111011111110111111111111111, sa_flags=SA_RESTART|SA_SIGINFO
SIGFPE: [libjvm.dylib+0x45b030], sa_mask[0]=11111111011111110111111111111111, sa_flags=SA_RESTART|SA_SIGINFO
SIGPIPE: [libjvm.dylib+0x45b030], sa_mask[0]=11111111011111110111111111111111, sa_flags=SA_RESTART|SA_SIGINFO
SIGXFSZ: [libjvm.dylib+0x45b030], sa_mask[0]=11111111011111110111111111111111, sa_flags=SA_RESTART|SA_SIGINFO
SIGILL: [libjvm.dylib+0x45b030], sa_mask[0]=11111111011111110111111111111111, sa_flags=SA_RESTART|SA_SIGINFO
SIGUSR1: SIG_DFL, sa_mask[0]=11011111011111100000000111000110, sa_flags=none
SIGUSR2: [libjvm.dylib+0x45ab4e], sa_mask[0]=00100000000000000000000000000000, sa_flags=SA_RESTART|SA_SIGINFO
SIGHUP: [libjvm.dylib+0x459121], sa_mask[0]=11111111011111110111111111111111, sa_flags=SA_RESTART|SA_SIGINFO
SIGINT: [libjvm.dylib+0x459121], sa_mask[0]=11111111011111110111111111111111, sa_flags=SA_RESTART|SA_SIGINFO
SIGTERM: [libjvm.dylib+0x459121], sa_mask[0]=11111111011111110111111111111111, sa_flags=SA_RESTART|SA_SIGINFO
SIGQUIT: [libjvm.dylib+0x459121], sa_mask[0]=11111111011111110111111111111111, sa_flags=SA_RESTART|SA_SIGINFO


---------------  S Y S T E M  ---------------

OS:Bsduname:Darwin 15.4.0 Darwin Kernel Version 15.4.0: Fri Feb 26 22:08:05 PST 2016; root:xnu-3248.40.184~3/RELEASE_X86_64 x86_64
rlimit: STACK 8192k, CORE 0k, NPROC 709, NOFILE 10240, AS infinity
load average:2.54 2.35 2.22

CPU:total 8 (4 cores per cpu, 2 threads per core) family 6 model 58 stepping 9, cmov, cx8, fxsr, mmx, sse, sse2, sse3, ssse3, sse4.1, sse4.2, popcnt, avx, aes, clmul, erms, ht, tsc, tscinvbit, tscinv

Memory: 4k page, physical 16777216k(2838048k free)

/proc/meminfo:


vm_info: Java HotSpot(TM) 64-Bit Server VM (25.25-b02) for bsd-amd64 JRE (1.8.0_25-b17), built on Sep 17 2014 16:56:50 by "java_re" with gcc 4.2.1 (Based on Apple Inc. build 5658) (LLVM build 2336.11.00)

time: Tue Apr 12 16:38:27 2016
elapsed time: 4 seconds (0d 0h 0m 4s)

